<?xml version="1.0" encoding="UTF-8"?>
<coverage generated="1767023660790" clover="3.2.0">
  <project timestamp="1767023660791" name="All files">
    <metrics statements="18" coveredstatements="16" conditionals="16" coveredconditionals="14" methods="8" coveredmethods="7" elements="42" coveredelements="37" complexity="0" loc="18" ncloc="18" packages="4" files="6" classes="6"/>
    <package name="assets">
      <metrics statements="0" coveredstatements="0" conditionals="0" coveredconditionals="0" methods="0" coveredmethods="0"/>
      <file name="logo_insee.png" path="C:\Users\WJWGWT\Desktop\Projets\Compas\compas-ui-v2\src\assets\logo_insee.png">
        <metrics statements="0" coveredstatements="0" conditionals="0" coveredconditionals="0" methods="0" coveredmethods="0"/>
      </file>
      <file name="logo_insee_dark.png" path="C:\Users\WJWGWT\Desktop\Projets\Compas\compas-ui-v2\src\assets\logo_insee_dark.png">
        <metrics statements="0" coveredstatements="0" conditionals="0" coveredconditionals="0" methods="0" coveredmethods="0"/>
      </file>
    </package>
    <package name="components">
      <metrics statements="1" coveredstatements="1" conditionals="4" coveredconditionals="2" methods="1" coveredmethods="1"/>
      <file name="Header.tsx" path="C:\Users\WJWGWT\Desktop\Projets\Compas\compas-ui-v2\src\components\Header.tsx">
        <metrics statements="1" coveredstatements="1" conditionals="4" coveredconditionals="2" methods="1" coveredmethods="1"/>
        <line num="18" count="3" type="stmt"/>
      </file>
    </package>
    <package name="constantes">
      <metrics statements="2" coveredstatements="2" conditionals="0" coveredconditionals="0" methods="0" coveredmethods="0"/>
      <file name="constantes.ts" path="C:\Users\WJWGWT\Desktop\Projets\Compas\compas-ui-v2\src\constantes\constantes.ts">
        <metrics statements="2" coveredstatements="2" conditionals="0" coveredconditionals="0" methods="0" coveredmethods="0"/>
        <line num="3" count="1" type="stmt"/>
        <line num="7" count="1" type="stmt"/>
      </file>
    </package>
    <package name="pages">
      <metrics statements="15" coveredstatements="13" conditionals="12" coveredconditionals="12" methods="7" coveredmethods="6"/>
      <file name="MenuNavBarLayout.tsx" path="C:\Users\WJWGWT\Desktop\Projets\Compas\compas-ui-v2\src\pages\MenuNavBarLayout.tsx">
        <metrics statements="14" coveredstatements="12" conditionals="12" coveredconditionals="12" methods="6" coveredmethods="5"/>
        <line num="11" count="5" type="stmt"/>
        <line num="12" count="5" type="stmt"/>
        <line num="13" count="5" type="stmt"/>
        <line num="15" count="5" type="stmt"/>
        <line num="17" count="5" type="stmt"/>
        <line num="18" count="1" type="stmt"/>
        <line num="19" count="1" type="stmt"/>
        <line num="22" count="5" type="stmt"/>
        <line num="23" count="0" type="stmt"/>
        <line num="24" count="0" type="stmt"/>
        <line num="27" count="5" type="stmt"/>
        <line num="29" count="20" type="stmt"/>
        <line num="38" count="1" type="stmt"/>
        <line num="61" count="50" type="stmt"/>
      </file>
      <file name="NavBarLayout.tsx" path="C:\Users\WJWGWT\Desktop\Projets\Compas\compas-ui-v2\src\pages\NavBarLayout.tsx">
        <metrics statements="1" coveredstatements="1" conditionals="0" coveredconditionals="0" methods="1" coveredmethods="1"/>
        <line num="6" count="4" type="stmt"/>
      </file>
    </package>
  </project>
</coverage>
