{"C:\\Users\\WJWGWT\\Desktop\\Projets\\Compas\\compas-ui-v2\\src\\assets\\logo_insee.png": {"path":"C:\\Users\\WJWGWT\\Desktop\\Projets\\Compas\\compas-ui-v2\\src\\assets\\logo_insee.png","statementMap":{},"fnMap":{},"branchMap":{},"s":{},"f":{},"b":{},"meta":{"lastBranch":0,"lastFunction":0,"lastStatement":0,"seen":{}}}
,"C:\\Users\\WJWGWT\\Desktop\\Projets\\Compas\\compas-ui-v2\\src\\assets\\logo_insee_dark.png": {"path":"C:\\Users\\WJWGWT\\Desktop\\Projets\\Compas\\compas-ui-v2\\src\\assets\\logo_insee_dark.png","statementMap":{},"fnMap":{},"branchMap":{},"s":{},"f":{},"b":{},"meta":{"lastBranch":0,"lastFunction":0,"lastStatement":0,"seen":{}}}
,"C:\\Users\\WJWGWT\\Desktop\\Projets\\Compas\\compas-ui-v2\\src\\components\\Header.tsx": {"path":"C:\\Users\\WJWGWT\\Desktop\\Projets\\Compas\\compas-ui-v2\\src\\components\\Header.tsx","statementMap":{"0":{"start":{"line":18,"column":4},"end":{"line":55,"column":null}}},"fnMap":{"0":{"name":"Header","decl":{"start":{"line":17,"column":16},"end":{"line":17,"column":23}},"loc":{"start":{"line":17,"column":74},"end":{"line":60,"column":null}},"line":17}},"branchMap":{"0":{"loc":{"start":{"line":26,"column":25},"end":{"line":26,"column":null}},"type":"cond-expr","locations":[{"start":{"line":26,"column":36},"end":{"line":26,"column":52}},{"start":{"line":26,"column":52},"end":{"line":26,"column":null}}],"line":26},"1":{"loc":{"start":{"line":55,"column":21},"end":{"line":55,"column":null}},"type":"cond-expr","locations":[{"start":{"line":55,"column":21},"end":{"line":55,"column":55}},{"start":{"line":55,"column":54},"end":{"line":55,"column":null}}],"line":55}},"s":{"0":3},"f":{"0":3},"b":{"0":[0,3],"1":[0,3]},"meta":{"lastBranch":2,"lastFunction":1,"lastStatement":1,"seen":{"f:17:16:17:23":0,"s:18:4:55:Infinity":0,"b:26:36:26:52:26:52:26:Infinity":0,"b:55:21:55:55:55:54:55:Infinity":1}}}
,"C:\\Users\\WJWGWT\\Desktop\\Projets\\Compas\\compas-ui-v2\\src\\constantes\\constantes.ts": {"path":"C:\\Users\\WJWGWT\\Desktop\\Projets\\Compas\\compas-ui-v2\\src\\constantes\\constantes.ts","statementMap":{"0":{"start":{"line":3,"column":39},"end":{"line":3,"column":null}},"1":{"start":{"line":7,"column":38},"end":{"line":38,"column":null}}},"fnMap":{},"branchMap":{},"s":{"0":1,"1":1},"f":{},"b":{},"meta":{"lastBranch":0,"lastFunction":0,"lastStatement":2,"seen":{"s:3:39:3:Infinity":0,"s:7:38:38:Infinity":1}}}
,"C:\\Users\\WJWGWT\\Desktop\\Projets\\Compas\\compas-ui-v2\\src\\pages\\MenuNavBarLayout.tsx": {"path":"C:\\Users\\WJWGWT\\Desktop\\Projets\\Compas\\compas-ui-v2\\src\\pages\\MenuNavBarLayout.tsx","statementMap":{"0":{"start":{"line":11,"column":10},"end":{"line":11,"column":null}},"1":{"start":{"line":12,"column":36},"end":{"line":12,"column":null}},"2":{"start":{"line":13,"column":42},"end":{"line":13,"column":null}},"3":{"start":{"line":15,"column":17},"end":{"line":15,"column":null}},"4":{"start":{"line":17,"column":24},"end":{"line":20,"column":null}},"5":{"start":{"line":18,"column":8},"end":{"line":18,"column":null}},"6":{"start":{"line":19,"column":8},"end":{"line":19,"column":null}},"7":{"start":{"line":22,"column":24},"end":{"line":25,"column":null}},"8":{"start":{"line":23,"column":8},"end":{"line":23,"column":null}},"9":{"start":{"line":24,"column":8},"end":{"line":24,"column":null}},"10":{"start":{"line":27,"column":4},"end":{"line":30,"column":null}},"11":{"start":{"line":29,"column":36},"end":{"line":30,"column":null}},"12":{"start":{"line":38,"column":46},"end":{"line":38,"column":null}},"13":{"start":{"line":61,"column":56},"end":{"line":65,"column":null}}},"fnMap":{"0":{"name":"MenuNavBarLayout","decl":{"start":{"line":10,"column":24},"end":{"line":10,"column":41}},"loc":{"start":{"line":10,"column":78},"end":{"line":99,"column":null}},"line":10},"1":{"name":"(anonymous_1)","decl":{"start":{"line":17,"column":24},"end":{"line":17,"column":25}},"loc":{"start":{"line":17,"column":69},"end":{"line":20,"column":null}},"line":17},"2":{"name":"(anonymous_2)","decl":{"start":{"line":22,"column":24},"end":{"line":22,"column":null}},"loc":{"start":{"line":22,"column":24},"end":{"line":25,"column":null}},"line":22},"3":{"name":"(anonymous_3)","decl":{"start":{"line":29,"column":29},"end":{"line":29,"column":30}},"loc":{"start":{"line":29,"column":36},"end":{"line":30,"column":null}},"line":29},"4":{"name":"(anonymous_4)","decl":{"start":{"line":38,"column":41},"end":{"line":38,"column":46}},"loc":{"start":{"line":38,"column":46},"end":{"line":38,"column":null}},"line":38},"5":{"name":"(anonymous_5)","decl":{"start":{"line":61,"column":50},"end":{"line":61,"column":51}},"loc":{"start":{"line":61,"column":56},"end":{"line":65,"column":null}},"line":61}},"branchMap":{"0":{"loc":{"start":{"line":31,"column":21},"end":{"line":91,"column":null}},"type":"cond-expr","locations":[{"start":{"line":31,"column":33},"end":{"line":77,"column":25}},{"start":{"line":77,"column":24},"end":{"line":91,"column":null}}],"line":31},"1":{"loc":{"start":{"line":36,"column":47},"end":{"line":36,"column":null}},"type":"cond-expr","locations":[{"start":{"line":36,"column":79},"end":{"line":36,"column":94}},{"start":{"line":36,"column":94},"end":{"line":36,"column":null}}],"line":36},"2":{"loc":{"start":{"line":36,"column":47},"end":{"line":36,"column":79}},"type":"binary-expr","locations":[{"start":{"line":36,"column":47},"end":{"line":36,"column":55}},{"start":{"line":36,"column":55},"end":{"line":36,"column":79}}],"line":36},"3":{"loc":{"start":{"line":37,"column":47},"end":{"line":37,"column":null}},"type":"cond-expr","locations":[{"start":{"line":37,"column":79},"end":{"line":37,"column":88}},{"start":{"line":37,"column":88},"end":{"line":37,"column":null}}],"line":37},"4":{"loc":{"start":{"line":37,"column":47},"end":{"line":37,"column":79}},"type":"binary-expr","locations":[{"start":{"line":37,"column":47},"end":{"line":37,"column":55}},{"start":{"line":37,"column":55},"end":{"line":37,"column":79}}],"line":37},"5":{"loc":{"start":{"line":53,"column":38},"end":{"line":53,"column":null}},"type":"binary-expr","locations":[{"start":{"line":53,"column":38},"end":{"line":53,"column":46}},{"start":{"line":53,"column":46},"end":{"line":53,"column":null}}],"line":53}},"s":{"0":5,"1":5,"2":5,"3":5,"4":5,"5":1,"6":1,"7":5,"8":0,"9":0,"10":5,"11":20,"12":1,"13":50},"f":{"0":5,"1":1,"2":0,"3":20,"4":1,"5":50},"b":{"0":[10,10],"1":[1,9],"2":[10,2],"3":[1,9],"4":[10,2],"5":[10,2]},"meta":{"lastBranch":6,"lastFunction":6,"lastStatement":14,"seen":{"f:10:24:10:41":0,"s:11:10:11:Infinity":0,"s:12:36:12:Infinity":1,"s:13:42:13:Infinity":2,"s:15:17:15:Infinity":3,"s:17:24:20:Infinity":4,"f:17:24:17:25":1,"s:18:8:18:Infinity":5,"s:19:8:19:Infinity":6,"s:22:24:25:Infinity":7,"f:22:24:22:Infinity":2,"s:23:8:23:Infinity":8,"s:24:8:24:Infinity":9,"s:27:4:30:Infinity":10,"f:29:29:29:30":3,"s:29:36:30:Infinity":11,"b:31:33:77:25:77:24:91:Infinity":0,"b:36:79:36:94:36:94:36:Infinity":1,"b:36:47:36:55:36:55:36:79":2,"b:37:79:37:88:37:88:37:Infinity":3,"b:37:47:37:55:37:55:37:79":4,"f:38:41:38:46":4,"s:38:46:38:Infinity":12,"b:53:38:53:46:53:46:53:Infinity":5,"f:61:50:61:51":5,"s:61:56:65:Infinity":13}}}
,"C:\\Users\\WJWGWT\\Desktop\\Projets\\Compas\\compas-ui-v2\\src\\pages\\NavBarLayout.tsx": {"path":"C:\\Users\\WJWGWT\\Desktop\\Projets\\Compas\\compas-ui-v2\\src\\pages\\NavBarLayout.tsx","statementMap":{"0":{"start":{"line":6,"column":4},"end":{"line":8,"column":null}}},"fnMap":{"0":{"name":"NavBarLayout","decl":{"start":{"line":5,"column":24},"end":{"line":5,"column":null}},"loc":{"start":{"line":5,"column":24},"end":{"line":11,"column":null}},"line":5}},"branchMap":{},"s":{"0":4},"f":{"0":4},"b":{},"meta":{"lastBranch":0,"lastFunction":1,"lastStatement":1,"seen":{"f:5:24:5:Infinity":0,"s:6:4:8:Infinity":0}}}
}
