TN:
SF:src\assets\logo_insee.png
FNF:0
FNH:0
LF:0
LH:0
BRF:0
BRH:0
end_of_record
TN:
SF:src\assets\logo_insee_dark.png
FNF:0
FNH:0
LF:0
LH:0
BRF:0
BRH:0
end_of_record
TN:
SF:src\components\Header.tsx
FN:17,Header
FNF:1
FNH:1
FNDA:3,Header
DA:18,3
LF:1
LH:1
BRDA:26,0,0,0
BRDA:26,0,1,3
BRDA:55,1,0,0
BRDA:55,1,1,3
BRF:4
BRH:2
end_of_record
TN:
SF:src\constantes\constantes.ts
FNF:0
FNH:0
DA:3,1
DA:7,1
LF:2
LH:2
BRF:0
BRH:0
end_of_record
TN:
SF:src\pages\MenuNavBarLayout.tsx
FN:10,MenuNavBarLayout
FN:17,(anonymous_1)
FN:22,(anonymous_2)
FN:29,(anonymous_3)
FN:38,(anonymous_4)
FN:61,(anonymous_5)
FNF:6
FNH:5
FNDA:5,MenuNavBarLayout
FNDA:1,(anonymous_1)
FNDA:0,(anonymous_2)
FNDA:20,(anonymous_3)
FNDA:1,(anonymous_4)
FNDA:50,(anonymous_5)
DA:11,5
DA:12,5
DA:13,5
DA:15,5
DA:17,5
DA:18,1
DA:19,1
DA:22,5
DA:23,0
DA:24,0
DA:27,5
DA:29,20
DA:38,1
DA:61,50
LF:14
LH:12
BRDA:31,0,0,10
BRDA:31,0,1,10
BRDA:36,1,0,1
BRDA:36,1,1,9
BRDA:36,2,0,10
BRDA:36,2,1,2
BRDA:37,3,0,1
BRDA:37,3,1,9
BRDA:37,4,0,10
BRDA:37,4,1,2
BRDA:53,5,0,10
BRDA:53,5,1,2
BRF:12
BRH:12
end_of_record
TN:
SF:src\pages\NavBarLayout.tsx
FN:5,NavBarLayout
FNF:1
FNH:1
FNDA:4,NavBarLayout
DA:6,4
LF:1
LH:1
BRF:0
BRH:0
end_of_record
