TN:
SF:src\assets\logo_insee.png
FNF:0
FNH:0
LF:0
LH:0
BRF:0
BRH:0
end_of_record
TN:
SF:src\assets\logo_insee_dark.png
FNF:0
FNH:0
LF:0
LH:0
BRF:0
BRH:0
end_of_record
TN:
SF:src\components\Header.tsx
FN:18,Header
FNF:1
FNH:1
FNDA:3,Header
DA:19,3
LF:1
LH:1
BRDA:27,0,0,0
BRDA:27,0,1,3
BRDA:58,1,0,0
BRDA:58,1,1,3
BRF:4
BRH:2
end_of_record
TN:
SF:src\components\indicateurs\a11y\A11yCell.tsx
FN:5,IssueA11yCell
FN:16,CellWithTooltip
FNF:2
FNH:2
FNDA:11,IssueA11yCell
FNDA:2,CellWithTooltip
DA:6,11
DA:7,11
DA:8,11
DA:17,2
LF:4
LH:4
BRDA:7,0,0,9
BRDA:7,0,1,2
BRDA:7,1,0,11
BRDA:7,1,1,10
BRDA:11,2,0,11
BRDA:11,2,1,1
BRDA:19,3,0,2
BRDA:19,3,1,1
BRDA:20,4,0,2
BRDA:20,4,1,1
BRF:10
BRH:10
end_of_record
TN:
SF:src\components\indicateurs\a11y\A11yIndicateur.tsx
FN:10,(anonymous_0)
FN:13,(anonymous_1)
FN:15,(anonymous_2)
FN:16,fetchData
FN:19,(anonymous_4)
FN:34,(anonymous_5)
FN:37,(anonymous_6)
FNF:7
FNH:7
FNDA:5,(anonymous_0)
FNDA:5,(anonymous_1)
FNDA:3,(anonymous_2)
FNDA:3,fetchData
FNDA:4,(anonymous_4)
FNDA:64,(anonymous_5)
FNDA:7,(anonymous_6)
DA:10,1
DA:11,5
DA:12,5
DA:13,5
DA:15,5
DA:17,3
DA:18,3
DA:19,4
DA:20,2
DA:22,1
DA:25,3
DA:28,5
DA:34,64
DA:37,7
LF:14
LH:14
BRF:0
BRH:0
end_of_record
TN:
SF:src\components\indicateurs\a11y\a11yConfig.ts
FN:10,(anonymous_0)
FN:13,(anonymous_1)
FN:39,(anonymous_2)
FN:74,formatIndicateur
FNF:4
FNH:4
FNDA:3,(anonymous_0)
FNDA:5,(anonymous_1)
FNDA:7,(anonymous_2)
FNDA:13,formatIndicateur
DA:10,2
DA:11,3
DA:13,3
DA:15,5
DA:19,5
DA:29,3
DA:32,2
DA:39,2
DA:40,7
DA:75,13
LF:10
LH:10
BRDA:15,0,0,4
BRDA:15,0,1,1
BRDA:23,1,0,5
BRDA:23,1,1,1
BRDA:24,2,0,5
BRDA:24,2,1,1
BRDA:76,3,0,13
BRDA:76,3,1,1
BRDA:77,4,0,13
BRDA:77,4,1,1
BRDA:78,5,0,13
BRDA:78,5,1,1
BRDA:81,6,0,12
BRDA:81,6,1,1
BRF:14
BRH:14
end_of_record
TN:
SF:src\components\indicateurs\devops\DevopsCell.tsx
FN:4,getTooltip
FN:19,ContributorCell
FN:44,DeploymentCell
FN:55,DistanceCell
FNF:4
FNH:0
FNDA:0,getTooltip
FNDA:0,ContributorCell
FNDA:0,DeploymentCell
FNDA:0,DistanceCell
DA:11,0
DA:12,0
DA:14,0
DA:15,0
DA:16,0
DA:20,0
DA:22,0
DA:23,0
DA:25,0
DA:27,0
DA:30,0
DA:31,0
DA:32,0
DA:34,0
DA:35,0
DA:39,0
DA:41,0
DA:45,0
DA:46,0
DA:52,0
DA:56,0
DA:57,0
DA:58,0
LF:23
LH:0
BRDA:11,0,0,0
BRDA:11,0,1,0
BRDA:12,1,0,0
BRDA:12,1,1,0
BRDA:14,2,0,0
BRDA:14,2,1,0
BRDA:15,3,0,0
BRDA:15,3,1,0
BRDA:16,4,0,0
BRDA:16,4,1,0
BRDA:25,5,0,0
BRDA:25,5,1,0
BRDA:27,6,0,0
BRDA:27,6,1,0
BRDA:30,7,0,0
BRDA:30,7,1,0
BRDA:31,8,0,0
BRDA:31,8,1,0
BRDA:32,9,0,0
BRDA:32,9,1,0
BRDA:34,10,0,0
BRDA:34,10,1,0
BRDA:39,11,0,0
BRDA:39,11,1,0
BRDA:39,12,0,0
BRDA:39,12,1,0
BRDA:39,12,2,0
BRF:27
BRH:0
end_of_record
TN:
SF:src\components\indicateurs\devops\DevopsIndicateur.tsx
FN:11,(anonymous_0)
FN:15,(anonymous_1)
FN:17,(anonymous_2)
FN:19,(anonymous_3)
FN:20,fetchData
FN:24,(anonymous_5)
FN:25,(anonymous_6)
FN:39,(anonymous_7)
FN:42,(anonymous_8)
FN:45,(anonymous_9)
FN:48,(anonymous_10)
FNF:11
FNH:9
FNDA:4,(anonymous_0)
FNDA:4,(anonymous_1)
FNDA:4,(anonymous_2)
FNDA:2,(anonymous_3)
FNDA:2,fetchData
FNDA:3,(anonymous_5)
FNDA:1,(anonymous_6)
FNDA:4,(anonymous_7)
FNDA:0,(anonymous_8)
FNDA:0,(anonymous_9)
FNDA:4,(anonymous_10)
DA:11,1
DA:12,4
DA:13,4
DA:15,4
DA:17,4
DA:19,4
DA:21,2
DA:22,2
DA:24,3
DA:25,2
DA:27,2
DA:29,0
DA:33,2
DA:36,4
DA:39,4
DA:43,0
DA:45,0
DA:48,4
LF:18
LH:15
BRDA:39,0,0,1
BRDA:39,0,1,3
BRDA:43,1,0,0
BRDA:43,1,1,0
BRDA:45,2,0,0
BRDA:45,2,1,0
BRF:6
BRH:2
end_of_record
TN:
SF:src\components\indicateurs\devops\devopsConfig.ts
FN:10,(anonymous_0)
FN:12,(anonymous_1)
FN:34,(anonymous_2)
FN:72,formatIndicateur
FNF:4
FNH:3
FNDA:1,(anonymous_0)
FNDA:2,(anonymous_1)
FNDA:0,(anonymous_2)
FNDA:2,formatIndicateur
DA:10,1
DA:11,1
DA:12,1
DA:13,2
DA:24,1
DA:27,1
DA:34,1
DA:35,0
DA:73,2
LF:9
LH:8
BRDA:14,0,0,1
BRDA:14,0,1,1
BRDA:15,1,0,1
BRDA:15,1,1,1
BRDA:72,2,0,2
BRDA:74,3,0,1
BRDA:74,3,1,1
BRDA:74,4,0,1
BRDA:74,4,1,0
BRDA:74,5,0,1
BRDA:74,5,1,0
BRDA:75,6,0,2
BRDA:75,6,1,0
BRDA:76,7,0,2
BRDA:76,7,1,1
BRDA:77,8,0,2
BRDA:77,8,1,2
BRDA:78,9,0,2
BRDA:78,9,1,2
BRDA:79,10,0,2
BRDA:79,10,1,2
BRDA:80,11,0,2
BRDA:80,11,1,2
BRDA:81,12,0,2
BRDA:81,12,1,2
BRDA:82,13,0,2
BRDA:82,13,1,2
BRDA:83,14,0,2
BRDA:83,14,1,2
BRDA:84,15,0,1
BRDA:84,15,1,1
BRDA:86,16,0,1
BRDA:86,16,1,0
BRF:33
BRH:29
end_of_record
TN:
SF:src\components\indicateurs\greenIT\GreenItTable.tsx
FN:18,(anonymous_0)
FN:22,(anonymous_1)
FN:24,(anonymous_2)
FN:25,fetchData
FN:45,(anonymous_4)
FN:50,(anonymous_5)
FN:57,(anonymous_6)
FNF:7
FNH:7
FNDA:7,(anonymous_0)
FNDA:6,(anonymous_1)
FNDA:3,(anonymous_2)
FNDA:3,fetchData
FNDA:64,(anonymous_4)
FNDA:8,(anonymous_5)
FNDA:1,(anonymous_6)
DA:18,1
DA:19,7
DA:20,7
DA:21,7
DA:22,7
DA:24,7
DA:26,3
DA:27,3
DA:31,3
DA:33,0
DA:36,3
DA:39,7
DA:46,64
DA:50,8
DA:57,1
LF:15
LH:14
BRDA:46,0,0,0
BRDA:46,0,1,64
BRDA:57,1,0,1
BRDA:57,1,1,1
BRF:4
BRH:3
end_of_record
TN:
SF:src\components\indicateurs\greenIT\greenItConfig.ts
FN:11,(anonymous_0)
FN:20,(anonymous_1)
FN:27,(anonymous_2)
FN:50,(anonymous_3)
FN:61,(anonymous_4)
FN:63,(anonymous_5)
FN:83,(anonymous_6)
FN:87,(anonymous_7)
FN:93,(anonymous_8)
FN:120,getValue
FN:125,formatIndicateur
FN:129,(anonymous_11)
FN:130,(anonymous_12)
FN:166,(anonymous_13)
FN:187,(anonymous_14)
FN:194,(anonymous_15)
FN:201,(anonymous_16)
FN:208,(anonymous_17)
FN:215,(anonymous_18)
FNF:19
FNH:17
FNDA:20,(anonymous_0)
FNDA:0,(anonymous_1)
FNDA:20,(anonymous_2)
FNDA:0,(anonymous_3)
FNDA:1,(anonymous_4)
FNDA:2,(anonymous_5)
FNDA:7,(anonymous_6)
FNDA:20,(anonymous_7)
FNDA:4,(anonymous_8)
FNDA:70,getValue
FNDA:4,formatIndicateur
FNDA:5,(anonymous_11)
FNDA:5,(anonymous_12)
FNDA:6,(anonymous_13)
FNDA:5,(anonymous_14)
FNDA:5,(anonymous_15)
FNDA:5,(anonymous_16)
FNDA:5,(anonymous_17)
FNDA:5,(anonymous_18)
DA:11,2
DA:12,20
DA:13,20
DA:14,20
DA:15,20
DA:16,20
DA:17,20
DA:20,2
DA:21,0
DA:22,0
DA:23,0
DA:24,0
DA:27,2
DA:28,20
DA:29,20
DA:31,20
DA:40,20
DA:41,20
DA:42,0
DA:43,0
DA:44,0
DA:47,20
DA:50,2
DA:51,0
DA:52,0
DA:54,0
DA:55,0
DA:56,0
DA:58,0
DA:61,2
DA:62,1
DA:63,1
DA:64,2
DA:80,1
DA:83,2
DA:87,7
DA:88,20
DA:89,5
DA:90,0
DA:93,7
DA:94,4
DA:95,4
DA:96,4
DA:97,4
DA:98,4
DA:100,4
DA:118,2
DA:121,70
DA:122,70
DA:129,4
DA:130,5
DA:132,5
DA:159,2
DA:166,2
DA:167,6
DA:187,5
DA:194,5
DA:201,5
DA:208,5
DA:215,5
LF:60
LH:46
BRDA:12,0,0,0
BRDA:12,0,1,20
BRDA:14,1,0,0
BRDA:14,1,1,20
BRDA:17,2,0,20
BRDA:17,2,1,0
BRDA:23,3,0,0
BRDA:23,3,1,0
BRDA:23,4,0,0
BRDA:23,4,1,0
BRDA:27,5,0,20
BRDA:28,6,0,8
BRDA:28,6,1,12
BRDA:41,7,0,0
BRDA:41,7,1,20
BRDA:41,8,0,20
BRDA:41,8,1,12
BRDA:43,9,0,0
BRDA:43,9,1,0
BRDA:44,10,0,0
BRDA:44,10,1,0
BRDA:54,11,0,0
BRDA:54,11,1,0
BRDA:54,12,0,0
BRDA:54,12,1,0
BRDA:55,13,0,0
BRDA:55,13,1,0
BRDA:56,14,0,0
BRDA:56,14,1,0
BRDA:88,15,0,15
BRDA:88,15,1,5
BRDA:89,16,0,5
BRDA:89,16,1,0
BRDA:103,17,0,0
BRDA:103,17,1,4
BRDA:104,18,0,0
BRDA:104,18,1,4
BRDA:105,19,0,0
BRDA:105,19,1,4
BRDA:106,20,0,0
BRDA:106,20,1,4
BRDA:107,21,0,0
BRDA:107,21,1,4
BRDA:110,22,0,0
BRDA:110,22,1,4
BRDA:122,23,0,51
BRDA:122,23,1,19
BRDA:122,24,0,70
BRDA:122,24,1,51
BRDA:133,25,0,5
BRDA:133,25,1,0
BRDA:134,26,0,5
BRDA:134,26,1,0
BRDA:135,27,0,5
BRDA:135,27,1,0
BRF:55
BRH:25
end_of_record
TN:
SF:src\components\indicateurs\meteo\meteo-config.ts
FN:10,(anonymous_0)
FN:11,(anonymous_1)
FN:16,(anonymous_2)
FN:21,(anonymous_3)
FN:41,(anonymous_4)
FN:43,(anonymous_5)
FN:44,(anonymous_6)
FN:51,(anonymous_7)
FN:58,(anonymous_8)
FN:73,(anonymous_9)
FN:76,(anonymous_10)
FN:105,(anonymous_11)
FN:109,(anonymous_12)
FN:117,(anonymous_13)
FN:122,(anonymous_14)
FN:148,(anonymous_15)
FN:152,(anonymous_16)
FN:166,(anonymous_17)
FN:167,(anonymous_18)
FN:174,(anonymous_19)
FN:175,(anonymous_20)
FN:177,(anonymous_21)
FN:182,(anonymous_22)
FN:182,(anonymous_23)
FNF:24
FNH:21
FNDA:2,(anonymous_0)
FNDA:4,(anonymous_1)
FNDA:11,(anonymous_2)
FNDA:2,(anonymous_3)
FNDA:1,(anonymous_4)
FNDA:3,(anonymous_5)
FNDA:3,(anonymous_6)
FNDA:4,(anonymous_7)
FNDA:4,(anonymous_8)
FNDA:2,(anonymous_9)
FNDA:6,(anonymous_10)
FNDA:0,(anonymous_11)
FNDA:4,(anonymous_12)
FNDA:2,(anonymous_13)
FNDA:1,(anonymous_14)
FNDA:2,(anonymous_15)
FNDA:0,(anonymous_16)
FNDA:2,(anonymous_17)
FNDA:8,(anonymous_18)
FNDA:2,(anonymous_19)
FNDA:0,(anonymous_20)
FNDA:2,(anonymous_21)
FNDA:2,(anonymous_22)
FNDA:2,(anonymous_23)
DA:10,1
DA:11,4
DA:12,2
DA:13,2
DA:16,1
DA:17,11
DA:18,11
DA:21,1
DA:22,2
DA:23,2
DA:25,2
DA:26,2
DA:27,2
DA:29,2
DA:30,5
DA:31,5
DA:32,5
DA:33,0
DA:34,0
DA:38,2
DA:41,1
DA:42,1
DA:43,3
DA:44,3
DA:47,1
DA:48,0
DA:51,4
DA:52,1
DA:53,1
DA:55,1
DA:58,1
DA:59,4
DA:61,4
DA:69,4
DA:70,4
DA:73,1
DA:74,2
DA:76,2
DA:77,6
DA:78,6
DA:80,6
DA:82,6
DA:84,6
DA:86,6
DA:98,6
DA:99,6
DA:100,6
DA:103,2
DA:104,4
DA:105,6
DA:109,2
DA:110,4
DA:111,4
DA:112,8
DA:114,4
DA:117,2
DA:119,2
DA:122,1
DA:126,1
DA:148,2
DA:152,0
DA:157,1
DA:159,1
DA:166,1
DA:167,2
DA:168,8
DA:170,2
DA:171,2
DA:173,1
DA:174,2
DA:175,0
DA:177,1
DA:178,2
DA:180,2
DA:182,2
DA:184,2
DA:187,1
LF:77
LH:72
BRDA:29,0,0,2
BRDA:29,0,1,7
BRDA:29,0,2,7
BRDA:32,1,0,0
BRDA:32,1,1,5
BRDA:47,2,0,0
BRDA:47,2,1,1
BRDA:63,3,0,4
BRDA:63,3,1,0
BRDA:64,4,0,4
BRDA:64,4,1,0
BRDA:65,5,0,4
BRDA:65,5,1,0
BRDA:78,6,0,0
BRDA:78,6,1,6
BRDA:80,7,0,6
BRDA:80,7,1,4
BRDA:82,8,0,0
BRDA:82,8,1,6
BRDA:89,9,0,4
BRDA:89,9,1,2
BRDA:89,10,0,6
BRDA:89,10,1,6
BRDA:93,11,0,2
BRDA:93,11,1,4
BRDA:93,12,0,6
BRDA:93,12,1,2
BRDA:98,13,0,6
BRDA:98,13,1,6
BRDA:112,14,0,8
BRDA:112,14,1,2
BRDA:152,15,0,0
BRDA:152,15,1,0
BRDA:168,16,0,8
BRDA:168,16,1,0
BRDA:171,17,0,1
BRDA:171,17,1,1
BRDA:174,18,0,2
BRDA:174,18,1,0
BRDA:182,19,0,2
BRDA:182,19,1,0
BRF:41
BRH:29
end_of_record
TN:
SF:src\components\indicateurs\meteo\meteoCell.tsx
FN:10,(anonymous_0)
FN:25,MeteoCell
FN:36,(anonymous_2)
FNF:3
FNH:3
FNDA:6,(anonymous_0)
FNDA:4,MeteoCell
FNDA:6,(anonymous_2)
DA:10,2
DA:11,6
DA:13,1
DA:15,1
DA:17,1
DA:19,1
DA:21,2
DA:29,4
DA:30,4
DA:32,4
DA:34,3
DA:36,6
LF:12
LH:12
BRDA:11,0,0,1
BRDA:11,0,1,1
BRDA:11,0,2,1
BRDA:11,0,3,1
BRDA:11,0,4,2
BRDA:29,1,0,4
BRDA:29,1,1,0
BRDA:30,2,0,4
BRDA:30,2,1,0
BRDA:32,3,0,1
BRDA:32,3,1,3
BRDA:42,4,0,3
BRDA:42,4,1,3
BRF:13
BRH:11
end_of_record
TN:
SF:src\components\indicateurs\meteo\meteoTable.tsx
FN:10,(anonymous_0)
FN:14,(anonymous_1)
FN:16,(anonymous_2)
FN:17,fetchData
FN:20,(anonymous_4)
FN:37,(anonymous_5)
FN:40,(anonymous_6)
FNF:7
FNH:6
FNDA:5,(anonymous_0)
FNDA:5,(anonymous_1)
FNDA:3,(anonymous_2)
FNDA:3,fetchData
FNDA:4,(anonymous_4)
FNDA:0,(anonymous_5)
FNDA:5,(anonymous_6)
DA:10,1
DA:11,5
DA:12,5
DA:13,5
DA:14,5
DA:16,5
DA:18,3
DA:19,3
DA:20,4
DA:21,2
DA:22,2
DA:23,2
DA:25,1
DA:28,3
DA:31,5
DA:37,0
DA:40,5
LF:17
LH:16
BRDA:37,0,0,0
BRDA:37,0,1,0
BRF:2
BRH:0
end_of_record
TN:
SF:src\components\indicateurs\qualité\QualiteCell.tsx
FN:5,DetteTechCell
FN:14,CouvertureTestUnitCell
FNF:2
FNH:0
FNDA:0,DetteTechCell
FNDA:0,CouvertureTestUnitCell
DA:6,0
DA:7,0
DA:8,0
DA:11,0
DA:17,0
LF:5
LH:0
BRDA:6,0,0,0
BRDA:6,0,1,0
BRDA:8,1,0,0
BRDA:8,1,1,0
BRDA:11,2,0,0
BRDA:11,2,1,0
BRDA:19,3,0,0
BRDA:19,3,1,0
BRDA:20,4,0,0
BRDA:20,4,1,0
BRF:10
BRH:0
end_of_record
TN:
SF:src\components\indicateurs\qualité\QualiteIndicateur.tsx
FN:11,(anonymous_0)
FN:14,(anonymous_1)
FN:15,(anonymous_2)
FN:17,(anonymous_3)
FN:18,fetchData
FN:24,(anonymous_5)
FN:25,(anonymous_6)
FN:36,(anonymous_7)
FN:39,(anonymous_8)
FN:42,(anonymous_9)
FN:45,(anonymous_10)
FNF:11
FNH:9
FNDA:4,(anonymous_0)
FNDA:4,(anonymous_1)
FNDA:4,(anonymous_2)
FNDA:2,(anonymous_3)
FNDA:2,fetchData
FNDA:2,(anonymous_5)
FNDA:2,(anonymous_6)
FNDA:4,(anonymous_7)
FNDA:0,(anonymous_8)
FNDA:0,(anonymous_9)
FNDA:4,(anonymous_10)
DA:11,1
DA:12,4
DA:13,4
DA:14,4
DA:15,4
DA:17,4
DA:19,2
DA:20,2
DA:24,2
DA:25,2
DA:26,2
DA:28,0
DA:31,2
DA:33,4
DA:36,4
DA:40,0
DA:42,0
DA:45,4
LF:18
LH:15
BRDA:36,0,0,2
BRDA:36,0,1,2
BRDA:40,1,0,0
BRDA:40,1,1,0
BRDA:42,2,0,0
BRDA:42,2,1,0
BRF:6
BRH:2
end_of_record
TN:
SF:src\components\indicateurs\qualité\qualiteConfig.ts
FN:10,(anonymous_0)
FN:12,(anonymous_1)
FN:35,(anonymous_2)
FN:74,formatIndicateur
FNF:4
FNH:4
FNDA:1,(anonymous_0)
FNDA:2,(anonymous_1)
FNDA:1,(anonymous_2)
FNDA:5,formatIndicateur
DA:10,1
DA:11,1
DA:12,1
DA:13,2
DA:25,1
DA:28,1
DA:35,1
DA:38,1
DA:75,5
LF:9
LH:9
BRDA:14,0,0,1
BRDA:14,0,1,1
BRDA:15,1,0,1
BRDA:15,1,1,1
BRDA:74,2,0,5
BRDA:76,3,0,2
BRDA:76,3,1,3
BRDA:77,4,0,2
BRDA:77,4,1,3
BRDA:77,5,0,2
BRDA:77,5,1,0
BRDA:77,6,0,3
BRDA:77,6,1,0
BRDA:78,7,0,5
BRDA:78,7,1,0
BRDA:79,8,0,5
BRDA:79,8,1,0
BRDA:80,9,0,5
BRDA:80,9,1,0
BRDA:81,10,0,5
BRDA:81,10,1,0
BRDA:82,11,0,5
BRDA:82,11,1,0
BRDA:83,12,0,5
BRDA:83,12,1,0
BRDA:84,13,0,2
BRDA:84,13,1,3
BRDA:84,14,0,3
BRDA:84,14,1,0
BRDA:85,15,0,5
BRDA:85,15,1,0
BRDA:86,16,0,2
BRDA:86,16,1,3
BRDA:88,17,0,2
BRDA:88,17,1,0
BRF:35
BRH:24
end_of_record
TN:
SF:src\components\indicateurs\securite\SecuriteCell.tsx
FN:5,CveCell
FN:22,MajVmCell
FNF:2
FNH:2
FNDA:4,CveCell
FNDA:4,MajVmCell
DA:6,4
DA:14,4
DA:23,4
DA:25,4
LF:4
LH:4
BRDA:7,0,0,0
BRDA:7,0,1,4
BRDA:9,1,0,0
BRDA:9,1,1,4
BRDA:11,2,0,0
BRDA:11,2,1,4
BRDA:12,3,0,0
BRDA:12,3,1,4
BRDA:17,4,0,4
BRDA:17,4,1,0
BRDA:17,4,2,0
BRDA:23,5,0,4
BRDA:23,5,1,0
BRDA:25,6,0,4
BRDA:25,6,1,0
BRF:15
BRH:7
end_of_record
TN:
SF:src\components\indicateurs\securite\SecuriteIndicateur.tsx
FN:25,formatApplicationsData
FN:29,(anonymous_1)
FN:30,(anonymous_2)
FN:35,formatModulesData
FN:39,(anonymous_4)
FN:40,(anonymous_5)
FN:45,(anonymous_6)
FN:48,(anonymous_7)
FN:51,(anonymous_8)
FN:51,(anonymous_9)
FN:55,(anonymous_10)
FN:57,(anonymous_11)
FN:58,fetchData
FN:84,(anonymous_13)
FN:87,(anonymous_14)
FN:90,(anonymous_15)
FNF:16
FNH:16
FNDA:2,formatApplicationsData
FNDA:2,(anonymous_1)
FNDA:2,(anonymous_2)
FNDA:2,formatModulesData
FNDA:2,(anonymous_4)
FNDA:2,(anonymous_5)
FNDA:4,(anonymous_6)
FNDA:4,(anonymous_7)
FNDA:4,(anonymous_8)
FNDA:4,(anonymous_9)
FNDA:4,(anonymous_10)
FNDA:2,(anonymous_11)
FNDA:2,fetchData
FNDA:44,(anonymous_13)
FNDA:44,(anonymous_14)
FNDA:6,(anonymous_15)
DA:29,2
DA:30,2
DA:31,2
DA:39,2
DA:40,2
DA:41,2
DA:45,1
DA:46,4
DA:47,4
DA:48,4
DA:50,4
DA:51,4
DA:55,4
DA:57,4
DA:59,2
DA:60,2
DA:67,2
DA:68,2
DA:70,2
DA:72,0
DA:75,2
DA:78,4
DA:85,44
DA:87,44
DA:90,6
LF:25
LH:24
BRDA:85,0,0,2
BRDA:85,0,1,42
BRDA:87,1,0,2
BRDA:87,1,1,42
BRF:4
BRH:4
end_of_record
TN:
SF:src\components\indicateurs\securite\securiteConfig.ts
FN:10,(anonymous_0)
FN:12,(anonymous_1)
FN:40,(anonymous_2)
FN:79,formatApplicationSecurite
FN:103,formatModuleSecurite
FNF:5
FNH:5
FNDA:2,(anonymous_0)
FNDA:4,(anonymous_1)
FNDA:5,(anonymous_2)
FNDA:6,formatApplicationSecurite
FNDA:5,formatModuleSecurite
DA:10,2
DA:11,2
DA:12,2
DA:13,4
DA:30,2
DA:33,2
DA:40,2
DA:43,5
DA:83,6
DA:107,5
LF:10
LH:10
BRDA:14,0,0,2
BRDA:14,0,1,2
BRDA:15,1,0,2
BRDA:15,1,1,2
BRDA:85,2,0,6
BRDA:85,2,1,0
BRDA:86,3,0,6
BRDA:86,3,1,0
BRDA:87,4,0,6
BRDA:87,4,1,0
BRDA:88,5,0,6
BRDA:88,5,1,1
BRDA:89,6,0,6
BRDA:89,6,1,1
BRDA:90,7,0,6
BRDA:90,7,1,1
BRDA:91,8,0,6
BRDA:91,8,1,1
BRDA:92,9,0,6
BRDA:92,9,1,1
BRDA:93,10,0,6
BRDA:93,10,1,1
BRDA:94,11,0,6
BRDA:94,11,1,1
BRDA:95,12,0,6
BRDA:95,12,1,1
BRDA:96,13,0,6
BRDA:96,13,1,1
BRDA:97,14,0,6
BRDA:97,14,1,1
BRDA:98,15,0,6
BRDA:98,15,1,1
BRDA:109,16,0,5
BRDA:109,16,1,0
BRDA:110,17,0,5
BRDA:110,17,1,0
BRDA:111,18,0,5
BRDA:111,18,1,0
BRDA:112,19,0,5
BRDA:112,19,1,1
BRDA:113,20,0,5
BRDA:113,20,1,1
BRDA:114,21,0,5
BRDA:114,21,1,1
BRDA:115,22,0,5
BRDA:115,22,1,1
BRDA:116,23,0,5
BRDA:116,23,1,1
BRDA:117,24,0,5
BRDA:117,24,1,1
BRDA:118,25,0,5
BRDA:118,25,1,1
BRDA:119,26,0,5
BRDA:119,26,1,1
BRDA:120,27,0,5
BRDA:120,27,1,1
BRDA:121,28,0,5
BRDA:121,28,1,1
BRDA:122,29,0,5
BRDA:122,29,1,1
BRDA:123,30,0,5
BRDA:123,30,1,0
BRF:62
BRH:55
end_of_record
TN:
SF:src\components\saisies\meteo\meteoCell.tsx
FN:32,RenderAppSelections
FN:38,(anonymous_1)
FN:39,(anonymous_2)
FN:41,(anonymous_3)
FN:42,(anonymous_4)
FN:56,(anonymous_5)
FN:68,RenderMeteoSelection
FN:73,(anonymous_7)
FNF:8
FNH:6
FNDA:3,RenderAppSelections
FNDA:1,(anonymous_1)
FNDA:2,(anonymous_2)
FNDA:4,(anonymous_3)
FNDA:6,(anonymous_4)
FNDA:6,(anonymous_5)
FNDA:0,RenderMeteoSelection
FNDA:0,(anonymous_7)
DA:33,3
DA:34,3
DA:38,1
DA:39,2
DA:42,6
DA:43,4
DA:56,6
DA:69,0
DA:73,0
LF:9
LH:7
BRDA:33,0,0,3
BRDA:33,0,1,0
BRDA:43,1,0,4
BRDA:43,1,1,0
BRDA:59,2,0,6
BRDA:59,2,1,0
BRF:6
BRH:3
end_of_record
TN:
SF:src\components\saisies\meteo\meteoForm.tsx
FN:15,MeteoForm
FN:22,(anonymous_1)
FN:23,fetchData
FN:25,(anonymous_3)
FN:41,(anonymous_4)
FN:55,(anonymous_5)
FN:58,(anonymous_6)
FN:82,(anonymous_7)
FN:89,(anonymous_8)
FN:93,(anonymous_9)
FN:106,(anonymous_10)
FN:112,(anonymous_11)
FNF:12
FNH:7
FNDA:7,MeteoForm
FNDA:3,(anonymous_1)
FNDA:3,fetchData
FNDA:2,(anonymous_3)
FNDA:2,(anonymous_4)
FNDA:0,(anonymous_5)
FNDA:0,(anonymous_6)
FNDA:7,(anonymous_7)
FNDA:7,(anonymous_8)
FNDA:0,(anonymous_9)
FNDA:0,(anonymous_10)
FNDA:0,(anonymous_11)
DA:16,7
DA:17,7
DA:18,7
DA:19,7
DA:20,7
DA:22,7
DA:24,3
DA:25,3
DA:27,3
DA:30,7
DA:37,7
DA:41,7
DA:42,2
DA:43,1
DA:44,1
DA:45,1
DA:46,1
DA:48,1
DA:49,1
DA:50,1
DA:51,2
DA:52,2
DA:56,0
DA:58,0
DA:61,2
DA:62,2
DA:64,0
DA:65,0
DA:66,0
DA:67,0
DA:71,7
DA:82,7
DA:89,7
DA:93,0
DA:106,0
DA:112,0
LF:36
LH:27
BRDA:25,0,0,2
BRDA:25,0,1,0
BRDA:25,1,0,2
BRDA:25,1,1,0
BRDA:42,2,0,1
BRDA:42,2,1,1
BRDA:42,3,0,2
BRDA:42,3,1,2
BRDA:50,4,0,1
BRDA:50,4,1,0
BRDA:56,5,0,0
BRDA:56,5,1,0
BRF:12
BRH:7
end_of_record
TN:
SF:src\constantes\constantes-csv.ts
FNF:0
FNH:0
DA:1,9
DA:11,9
DA:23,9
DA:38,9
DA:48,9
DA:57,9
LF:6
LH:6
BRF:0
BRH:0
end_of_record
TN:
SF:src\constantes\constantes.ts
FNF:0
FNH:0
DA:3,1
DA:7,1
LF:2
LH:2
BRF:0
BRH:0
end_of_record
TN:
SF:src\pages\AnimatedTitleLayout.tsx
FN:7,AnimatedTitle
FN:32,(anonymous_1)
FNF:2
FNH:2
FNDA:16,AnimatedTitle
FNDA:48,(anonymous_1)
DA:8,16
DA:32,48
LF:2
LH:2
BRF:0
BRH:0
end_of_record
TN:
SF:src\pages\ButtonCsvExport.tsx
FN:9,ButtonCsvExport
FN:19,(anonymous_1)
FNF:2
FNH:2
FNDA:13,ButtonCsvExport
FNDA:2,(anonymous_1)
DA:13,13
DA:19,2
LF:2
LH:2
BRF:0
BRH:0
end_of_record
TN:
SF:src\pages\MenuNavBarLayout.tsx
FN:10,MenuNavBarLayout
FN:17,(anonymous_1)
FN:22,(anonymous_2)
FN:29,(anonymous_3)
FN:38,(anonymous_4)
FN:61,(anonymous_5)
FNF:6
FNH:6
FNDA:6,MenuNavBarLayout
FNDA:1,(anonymous_1)
FNDA:1,(anonymous_2)
FNDA:18,(anonymous_3)
FNDA:1,(anonymous_4)
FNDA:72,(anonymous_5)
DA:11,6
DA:12,6
DA:13,6
DA:15,6
DA:17,6
DA:18,1
DA:19,1
DA:22,6
DA:23,1
DA:24,1
DA:27,6
DA:29,18
DA:38,1
DA:61,72
LF:14
LH:14
BRDA:31,0,0,18
BRDA:31,0,1,0
BRDA:36,1,0,1
BRDA:36,1,1,17
BRDA:36,2,0,18
BRDA:36,2,1,3
BRDA:37,3,0,1
BRDA:37,3,1,17
BRDA:37,4,0,18
BRDA:37,4,1,3
BRDA:53,5,0,18
BRDA:53,5,1,3
BRF:12
BRH:11
end_of_record
TN:
SF:src\pages\NavBarLayout.tsx
FN:5,NavBarLayout
FNF:1
FNH:1
FNDA:4,NavBarLayout
DA:6,4
LF:1
LH:1
BRF:0
BRH:0
end_of_record
TN:
SF:src\pages\TablePageLayout.tsx
FN:27,TablePageLayout
FNF:1
FNH:1
FNDA:16,TablePageLayout
DA:30,16
DA:31,16
LF:2
LH:2
BRDA:30,0,0,16
BRDA:30,0,1,16
BRF:2
BRH:2
end_of_record
TN:
SF:src\pages\ToolTipLayout.tsx
FN:10,ToolTipLayout
FNF:1
FNH:1
FNDA:16,ToolTipLayout
DA:11,16
LF:1
LH:1
BRF:0
BRH:0
end_of_record
TN:
SF:src\store\filterContext.tsx
FN:21,filterReducer
FN:39,(anonymous_1)
FN:41,(anonymous_2)
FN:43,(anonymous_3)
FN:48,(anonymous_4)
FNF:5
FNH:4
FNDA:2,filterReducer
FNDA:0,(anonymous_1)
FNDA:6,(anonymous_2)
FNDA:6,(anonymous_3)
FNDA:15,(anonymous_4)
DA:15,3
DA:22,2
DA:24,2
DA:26,0
DA:28,0
DA:30,0
DA:32,0
DA:36,3
DA:41,3
DA:42,6
DA:43,6
DA:44,6
DA:48,15
LF:13
LH:9
BRDA:22,0,0,2
BRDA:22,0,1,0
BRDA:22,0,2,0
BRDA:22,0,3,0
BRDA:22,0,4,0
BRF:5
BRH:1
end_of_record
TN:
SF:src\themes\create-themes.ts
FNF:0
FNH:0
DA:3,1
DA:16,1
LF:2
LH:2
BRF:0
BRH:0
end_of_record
TN:
SF:src\utils\exportCsv.ts
FN:4,handleExportCsv
FN:22,flattenRows
FN:23,(anonymous_2)
FNF:3
FNH:1
FNDA:2,handleExportCsv
FNDA:0,flattenRows
FNDA:0,(anonymous_2)
DA:10,2
DA:11,2
DA:12,2
DA:13,2
DA:14,2
DA:15,2
DA:16,2
DA:17,2
DA:18,2
DA:19,2
DA:23,0
LF:11
LH:10
BRDA:16,0,0,1
BRDA:16,0,1,1
BRDA:23,1,0,0
BRDA:23,1,1,0
BRF:4
BRH:2
end_of_record
TN:
SF:src\utils\filterFunctions.ts
FN:6,filteredColumns
FN:19,(anonymous_1)
FN:21,columnFilters
FN:23,(anonymous_3)
FN:27,handleColumnFiltersChange
FN:31,(anonymous_5)
FN:36,(anonymous_6)
FNF:7
FNH:7
FNDA:24,filteredColumns
FNDA:46,(anonymous_1)
FNDA:23,columnFilters
FNDA:46,(anonymous_3)
FNDA:22,handleColumnFiltersChange
FNDA:2,(anonymous_5)
FNDA:4,(anonymous_6)
DA:7,24
DA:9,24
DA:10,27
DA:11,27
DA:12,23
DA:16,24
DA:19,46
DA:22,23
DA:23,46
DA:31,22
DA:32,2
DA:34,2
DA:36,2
DA:37,4
DA:39,2
DA:43,2
DA:45,2
DA:49,2
DA:53,22
LF:19
LH:19
BRDA:11,0,0,23
BRDA:11,0,1,4
BRDA:11,1,0,27
BRDA:11,1,1,24
BRDA:19,2,0,4
BRDA:19,2,1,42
BRDA:32,3,0,1
BRDA:32,3,1,1
BRDA:37,4,0,2
BRDA:37,4,1,2
BRF:10
BRH:10
end_of_record
TN:
SF:src\utils\group-module-by-apps.ts
FN:6,(anonymous_0)
FN:8,(anonymous_1)
FNF:2
FNH:2
FNDA:3,(anonymous_0)
FNDA:7,(anonymous_1)
DA:6,2
DA:7,3
DA:9,7
DA:10,3
DA:11,3
DA:13,7
LF:6
LH:6
BRDA:9,0,0,3
BRDA:9,0,1,4
BRDA:9,1,0,7
BRDA:9,1,1,3
BRDA:10,2,0,3
BRDA:10,2,1,2
BRF:6
BRH:6
end_of_record
